[handleMsg]:  {
  key: {
    remoteJid: '573234257398@s.whatsapp.net',
    fromMe: false,
    id: '1009AE696C5453D5046939FE9EDAD269',
    participant: undefined
  },
  messageTimestamp: 1715208850,
  pushName: 'Anthony',
  broadcast: false,
  message: Message {
    conversation: 'Hola',
    messageContextInfo: MessageContextInfo {
      deviceListMetadata: [DeviceListMetadata],
      deviceListMetadataVersion: 2
    }
  },
  body: 'Hola',
  from: '573234257398'
}
[QUEUE_SE_ENVIO]:  {
  ref: 'ans_1ab2a381-ef33-455a-a5b0-8b64bf10c98d',
  keyword: 'key_3404d4f8-01aa-45f5-bd40-eb7b4d1eec08',
  answer: '🙌 Hola bienvenido a este *Chatbot*',
  options: {
    media: null,
    buttons: [],
    capture: false,
    child: null,
    delay: 0,
    idle: null,
    ref: null,
    nested: [],
    keyword: {},
    callback: false
  },
  refSerialize: 'ea564568cdd493cf9beefa0bca507c21'
}
[QUEUE_SE_ENVIO]:  {
  ref: 'ans_91b93129-a715-4e09-bba4-12f426fb22bb',
  keyword: 'ans_1ab2a381-ef33-455a-a5b0-8b64bf10c98d',
  answer: 'te comparto los siguientes links de interes sobre el proyecto\n' +
    '👉 *doc* para ver la documentación\n' +
    '👉 *gracias*  para ver la lista de videos\n' +
    '👉 *discord* unirte al discord',
  options: {
    media: null,
    buttons: [],
    capture: false,
    child: null,
    delay: 0,
    idle: null,
    ref: null,
    nested: [
      [Object], [Object],
      [Object], [Object],
      [Object], [Object],
      [Object], [Object]
    ],
    keyword: {},
    callback: false
  },
  refSerialize: '89e0c30b30d74f90d1f2eef8e08065a4'
}
